[2026-05-04T15:19:07.972+0000] {manager.py:483} INFO - Processing files using up to 2 processes at a time 
[2026-05-04T15:19:07.973+0000] {manager.py:484} INFO - Process each file at most once every 30 seconds
[2026-05-04T15:19:07.973+0000] {manager.py:485} INFO - Checking for new files in /opt/airflow/dags every 300 seconds
[2026-05-04T15:19:07.973+0000] {manager.py:821} INFO - Searching for files in /opt/airflow/dags
[2026-05-04T15:19:07.977+0000] {manager.py:824} INFO - There are 0 files in /opt/airflow/dags
[2026-05-04T15:24:08.817+0000] {manager.py:821} INFO - Searching for files in /opt/airflow/dags
[2026-05-04T15:24:08.823+0000] {manager.py:824} INFO - There are 0 files in /opt/airflow/dags
[2026-05-04T15:29:09.694+0000] {manager.py:821} INFO - Searching for files in /opt/airflow/dags
[2026-05-04T15:29:09.697+0000] {manager.py:824} INFO - There are 0 files in /opt/airflow/dags
[2026-05-04T15:33:19.840+0000] {manager.py:465} INFO - Exiting gracefully upon receiving signal 15
[2026-05-05T14:58:32.349+0000] {manager.py:483} INFO - Processing files using up to 2 processes at a time 
[2026-05-05T14:58:32.350+0000] {manager.py:484} INFO - Process each file at most once every 30 seconds
[2026-05-05T14:58:32.351+0000] {manager.py:485} INFO - Checking for new files in /opt/airflow/dags every 300 seconds
[2026-05-05T14:58:32.351+0000] {manager.py:821} INFO - Searching for files in /opt/airflow/dags
[2026-05-05T14:58:32.357+0000] {manager.py:824} INFO - There are 0 files in /opt/airflow/dags
[2026-05-05T15:03:33.122+0000] {manager.py:821} INFO - Searching for files in /opt/airflow/dags
[2026-05-05T15:03:33.126+0000] {manager.py:824} INFO - There are 0 files in /opt/airflow/dags
[2026-05-05T15:08:33.587+0000] {manager.py:821} INFO - Searching for files in /opt/airflow/dags
[2026-05-05T15:08:33.589+0000] {manager.py:824} INFO - There are 0 files in /opt/airflow/dags
[2026-05-05T15:13:34.302+0000] {manager.py:821} INFO - Searching for files in /opt/airflow/dags
[2026-05-05T15:13:34.304+0000] {manager.py:824} INFO - There are 0 files in /opt/airflow/dags
[2026-05-05T15:18:34.852+0000] {manager.py:821} INFO - Searching for files in /opt/airflow/dags
[2026-05-05T15:18:34.864+0000] {manager.py:824} INFO - There are 0 files in /opt/airflow/dags
[2026-05-05T15:23:35.614+0000] {manager.py:821} INFO - Searching for files in /opt/airflow/dags
[2026-05-05T15:23:35.625+0000] {manager.py:824} INFO - There are 0 files in /opt/airflow/dags
[2026-05-05T15:28:36.036+0000] {manager.py:821} INFO - Searching for files in /opt/airflow/dags
[2026-05-05T15:28:36.039+0000] {manager.py:824} INFO - There are 0 files in /opt/airflow/dags
[2026-05-05T15:33:36.411+0000] {manager.py:821} INFO - Searching for files in /opt/airflow/dags
[2026-05-05T15:33:36.415+0000] {manager.py:824} INFO - There are 0 files in /opt/airflow/dags
[2026-05-05T15:38:37.073+0000] {manager.py:821} INFO - Searching for files in /opt/airflow/dags
[2026-05-05T15:38:37.085+0000] {manager.py:824} INFO - There are 0 files in /opt/airflow/dags
[2026-05-05T15:43:37.664+0000] {manager.py:821} INFO - Searching for files in /opt/airflow/dags
[2026-05-05T15:43:37.671+0000] {manager.py:824} INFO - There are 0 files in /opt/airflow/dags
[2026-05-05T15:47:23.953+0000] {manager.py:465} INFO - Exiting gracefully upon receiving signal 15
